<?xml version="1.0" encoding="UTF-8"?>
<coverage generated="1749960554">
  <project timestamp="1749960554" name="Clover Coverage">
    <package name="App\Actions\Fortify">
      <file name="/home/runner/work/tootlog/tootlog/app/Actions/Fortify/CreateNewUser.php">
        <class name="App\Actions\Fortify\CreateNewUser" namespace="App\Actions\Fortify">
          <metrics complexity="1" methods="1" coveredmethods="0" conditionals="0" coveredconditionals="0" statements="21" coveredstatements="0" elements="22" coveredelements="0"/>
        </class>
        <line num="20" type="method" name="create" visibility="public" complexity="1" crap="2" count="0"/>
        <line num="22" type="stmt" count="0"/>
        <line num="23" type="stmt" count="0"/>
        <line num="24" type="stmt" count="0"/>
        <line num="25" type="stmt" count="0"/>
        <line num="26" type="stmt" count="0"/>
        <line num="27" type="stmt" count="0"/>
        <line num="28" type="stmt" count="0"/>
        <line num="29" type="stmt" count="0"/>
        <line num="30" type="stmt" count="0"/>
        <line num="31" type="stmt" count="0"/>
        <line num="32" type="stmt" count="0"/>
        <line num="33" type="stmt" count="0"/>
        <line num="34" type="stmt" count="0"/>
        <line num="35" type="stmt" count="0"/>
        <line num="37" type="stmt" count="0"/>
        <line num="38" type="stmt" count="0"/>
        <line num="39" type="stmt" count="0"/>
        <line num="40" type="stmt" count="0"/>
        <line num="41" type="stmt" count="0"/>
        <line num="42" type="stmt" count="0"/>
        <line num="43" type="stmt" count="0"/>
        <metrics loc="46" ncloc="41" classes="1" methods="1" coveredmethods="0" conditionals="0" coveredconditionals="0" statements="21" coveredstatements="0" elements="22" coveredelements="0"/>
      </file>
      <file name="/home/runner/work/tootlog/tootlog/app/Actions/Fortify/PasswordValidationRules.php">
        <class name="App\Actions\Fortify\PasswordValidationRules" namespace="App\Actions\Fortify">
          <metrics complexity="1" methods="1" coveredmethods="0" conditionals="0" coveredconditionals="0" statements="1" coveredstatements="0" elements="2" coveredelements="0"/>
        </class>
        <line num="14" type="method" name="passwordRules" visibility="protected" complexity="1" crap="2" count="0"/>
        <line num="16" type="stmt" count="0"/>
        <metrics loc="19" ncloc="14" classes="1" methods="1" coveredmethods="0" conditionals="0" coveredconditionals="0" statements="1" coveredstatements="0" elements="2" coveredelements="0"/>
      </file>
      <file name="/home/runner/work/tootlog/tootlog/app/Actions/Fortify/ResetUserPassword.php">
        <class name="App\Actions\Fortify\ResetUserPassword" namespace="App\Actions\Fortify">
          <metrics complexity="1" methods="1" coveredmethods="0" conditionals="0" coveredconditionals="0" statements="6" coveredstatements="0" elements="7" coveredelements="0"/>
        </class>
        <line num="19" type="method" name="reset" visibility="public" complexity="1" crap="2" count="0"/>
        <line num="21" type="stmt" count="0"/>
        <line num="22" type="stmt" count="0"/>
        <line num="23" type="stmt" count="0"/>
        <line num="25" type="stmt" count="0"/>
        <line num="26" type="stmt" count="0"/>
        <line num="27" type="stmt" count="0"/>
        <metrics loc="30" ncloc="25" classes="1" methods="1" coveredmethods="0" conditionals="0" coveredconditionals="0" statements="6" coveredstatements="0" elements="7" coveredelements="0"/>
      </file>
      <file name="/home/runner/work/tootlog/tootlog/app/Actions/Fortify/UpdateUserPassword.php">
        <class name="App\Actions\Fortify\UpdateUserPassword" namespace="App\Actions\Fortify">
          <metrics complexity="1" methods="1" coveredmethods="0" conditionals="0" coveredconditionals="0" statements="9" coveredstatements="0" elements="10" coveredelements="0"/>
        </class>
        <line num="19" type="method" name="update" visibility="public" complexity="1" crap="2" count="0"/>
        <line num="21" type="stmt" count="0"/>
        <line num="22" type="stmt" count="0"/>
        <line num="23" type="stmt" count="0"/>
        <line num="24" type="stmt" count="0"/>
        <line num="25" type="stmt" count="0"/>
        <line num="26" type="stmt" count="0"/>
        <line num="28" type="stmt" count="0"/>
        <line num="29" type="stmt" count="0"/>
        <line num="30" type="stmt" count="0"/>
        <metrics loc="33" ncloc="28" classes="1" methods="1" coveredmethods="0" conditionals="0" coveredconditionals="0" statements="9" coveredstatements="0" elements="10" coveredelements="0"/>
      </file>
    </package>
    <package name="App\Console\Commands">
      <file name="/home/runner/work/tootlog/tootlog/app/Console/Commands/InstanceVersionCommand.php">
        <class name="App\Console\Commands\InstanceVersionCommand" namespace="App\Console\Commands">
          <metrics complexity="3" methods="2" coveredmethods="2" conditionals="0" coveredconditionals="0" statements="6" coveredstatements="6" elements="8" coveredelements="8"/>
        </class>
        <line num="30" type="method" name="__construct" visibility="public" complexity="1" crap="1" count="4"/>
        <line num="32" type="stmt" count="4"/>
        <line num="38" type="method" name="handle" visibility="public" complexity="2" crap="2" count="1"/>
        <line num="40" type="stmt" count="1"/>
        <line num="41" type="stmt" count="1"/>
        <line num="42" type="stmt" count="1"/>
        <line num="44" type="stmt" count="1"/>
        <line num="46" type="stmt" count="1"/>
        <metrics loc="49" ncloc="31" classes="1" methods="2" coveredmethods="2" conditionals="0" coveredconditionals="0" statements="6" coveredstatements="6" elements="8" coveredelements="8"/>
      </file>
      <file name="/home/runner/work/tootlog/tootlog/app/Console/Commands/TootInfoCommand.php">
        <class name="App\Console\Commands\TootInfoCommand" namespace="App\Console\Commands">
          <metrics complexity="2" methods="2" coveredmethods="1" conditionals="0" coveredconditionals="0" statements="23" coveredstatements="1" elements="25" coveredelements="2"/>
        </class>
        <line num="32" type="method" name="__construct" visibility="public" complexity="1" crap="1" count="4"/>
        <line num="34" type="stmt" count="4"/>
        <line num="40" type="method" name="handle" visibility="public" complexity="1" crap="2" count="0"/>
        <line num="42" type="stmt" count="0"/>
        <line num="44" type="stmt" count="0"/>
        <line num="45" type="stmt" count="0"/>
        <line num="46" type="stmt" count="0"/>
        <line num="47" type="stmt" count="0"/>
        <line num="48" type="stmt" count="0"/>
        <line num="49" type="stmt" count="0"/>
        <line num="50" type="stmt" count="0"/>
        <line num="51" type="stmt" count="0"/>
        <line num="52" type="stmt" count="0"/>
        <line num="53" type="stmt" count="0"/>
        <line num="54" type="stmt" count="0"/>
        <line num="55" type="stmt" count="0"/>
        <line num="57" type="stmt" count="0"/>
        <line num="58" type="stmt" count="0"/>
        <line num="59" type="stmt" count="0"/>
        <line num="60" type="stmt" count="0"/>
        <line num="61" type="stmt" count="0"/>
        <line num="63" type="stmt" count="0"/>
        <line num="64" type="stmt" count="0"/>
        <line num="65" type="stmt" count="0"/>
        <line num="67" type="stmt" count="0"/>
        <metrics loc="70" ncloc="52" classes="1" methods="2" coveredmethods="1" conditionals="0" coveredconditionals="0" statements="23" coveredstatements="1" elements="25" coveredelements="2"/>
      </file>
    </package>
    <package name="App\Console\Commands\Status">
      <file name="/home/runner/work/tootlog/tootlog/app/Console/Commands/Status/GetStatus.php">
        <class name="App\Console\Commands\Status\GetStatus" namespace="App\Console\Commands\Status">
          <metrics complexity="2" methods="2" coveredmethods="2" conditionals="0" coveredconditionals="0" statements="9" coveredstatements="9" elements="11" coveredelements="11"/>
        </class>
        <line num="30" type="method" name="__construct" visibility="public" complexity="1" crap="1" count="4"/>
        <line num="32" type="stmt" count="4"/>
        <line num="38" type="method" name="handle" visibility="public" complexity="1" crap="1" count="2"/>
        <line num="40" type="stmt" count="2"/>
        <line num="42" type="stmt" count="2"/>
        <line num="43" type="stmt" count="2"/>
        <line num="44" type="stmt" count="2"/>
        <line num="45" type="stmt" count="2"/>
        <line num="46" type="stmt" count="1"/>
        <line num="47" type="stmt" count="2"/>
        <line num="49" type="stmt" count="2"/>
        <metrics loc="52" ncloc="34" classes="1" methods="2" coveredmethods="2" conditionals="0" coveredconditionals="0" statements="9" coveredstatements="9" elements="11" coveredelements="11"/>
      </file>
      <file name="/home/runner/work/tootlog/tootlog/app/Console/Commands/Status/GetStatusSpecial.php">
        <class name="App\Console\Commands\Status\GetStatusSpecial" namespace="App\Console\Commands\Status">
          <metrics complexity="2" methods="2" coveredmethods="1" conditionals="0" coveredconditionals="0" statements="12" coveredstatements="1" elements="14" coveredelements="2"/>
        </class>
        <line num="31" type="method" name="__construct" visibility="public" complexity="1" crap="1" count="4"/>
        <line num="33" type="stmt" count="4"/>
        <line num="39" type="method" name="handle" visibility="public" complexity="1" crap="2" count="0"/>
        <line num="41" type="stmt" count="0"/>
        <line num="43" type="stmt" count="0"/>
        <line num="44" type="stmt" count="0"/>
        <line num="45" type="stmt" count="0"/>
        <line num="46" type="stmt" count="0"/>
        <line num="47" type="stmt" count="0"/>
        <line num="48" type="stmt" count="0"/>
        <line num="49" type="stmt" count="0"/>
        <line num="50" type="stmt" count="0"/>
        <line num="51" type="stmt" count="0"/>
        <line num="53" type="stmt" count="0"/>
        <metrics loc="56" ncloc="38" classes="1" methods="2" coveredmethods="1" conditionals="0" coveredconditionals="0" statements="12" coveredstatements="1" elements="14" coveredelements="2"/>
      </file>
      <file name="/home/runner/work/tootlog/tootlog/app/Console/Commands/Status/GetUserStatus.php">
        <class name="App\Console\Commands\Status\GetUserStatus" namespace="App\Console\Commands\Status">
          <metrics complexity="2" methods="2" coveredmethods="1" conditionals="0" coveredconditionals="0" statements="5" coveredstatements="1" elements="7" coveredelements="2"/>
        </class>
        <line num="30" type="method" name="__construct" visibility="public" complexity="1" crap="1" count="4"/>
        <line num="32" type="stmt" count="4"/>
        <line num="38" type="method" name="handle" visibility="public" complexity="1" crap="2" count="0"/>
        <line num="40" type="stmt" count="0"/>
        <line num="42" type="stmt" count="0"/>
        <line num="44" type="stmt" count="0"/>
        <line num="46" type="stmt" count="0"/>
        <metrics loc="49" ncloc="31" classes="1" methods="2" coveredmethods="1" conditionals="0" coveredconditionals="0" statements="5" coveredstatements="1" elements="7" coveredelements="2"/>
      </file>
    </package>
    <package name="App\Http\Controllers">
      <file name="/home/runner/work/tootlog/tootlog/app/Http/Controllers/Controller.php">
        <class name="App\Http\Controllers\Controller" namespace="App\Http\Controllers">
          <metrics complexity="0" methods="0" coveredmethods="0" conditionals="0" coveredconditionals="0" statements="0" coveredstatements="0" elements="0" coveredelements="0"/>
        </class>
        <metrics loc="9" ncloc="8" classes="0" methods="0" coveredmethods="0" conditionals="0" coveredconditionals="0" statements="0" coveredstatements="0" elements="0" coveredelements="0"/>
      </file>
      <file name="/home/runner/work/tootlog/tootlog/app/Http/Controllers/InstanceController.php">
        <class name="App\Http\Controllers\InstanceController" namespace="App\Http\Controllers">
          <metrics complexity="1" methods="1" coveredmethods="1" conditionals="0" coveredconditionals="0" statements="4" coveredstatements="4" elements="5" coveredelements="5"/>
        </class>
        <line num="10" type="method" name="__invoke" visibility="public" complexity="1" crap="1" count="1"/>
        <line num="12" type="stmt" count="1"/>
        <line num="13" type="stmt" count="1"/>
        <line num="14" type="stmt" count="1"/>
        <line num="16" type="stmt" count="1"/>
        <metrics loc="19" ncloc="19" classes="1" methods="1" coveredmethods="1" conditionals="0" coveredconditionals="0" statements="4" coveredstatements="4" elements="5" coveredelements="5"/>
      </file>
      <file name="/home/runner/work/tootlog/tootlog/app/Http/Controllers/SitemapController.php">
        <class name="App\Http\Controllers\SitemapController" namespace="App\Http\Controllers">
          <metrics complexity="3" methods="1" coveredmethods="1" conditionals="0" coveredconditionals="0" statements="27" coveredstatements="27" elements="28" coveredelements="28"/>
        </class>
        <line num="14" type="method" name="__invoke" visibility="public" complexity="3" crap="3" count="1"/>
        <line num="16" type="stmt" count="1"/>
        <line num="18" type="stmt" count="1"/>
        <line num="19" type="stmt" count="1"/>
        <line num="20" type="stmt" count="1"/>
        <line num="21" type="stmt" count="1"/>
        <line num="22" type="stmt" count="1"/>
        <line num="23" type="stmt" count="1"/>
        <line num="25" type="stmt" count="1"/>
        <line num="26" type="stmt" count="1"/>
        <line num="27" type="stmt" count="1"/>
        <line num="28" type="stmt" count="1"/>
        <line num="29" type="stmt" count="1"/>
        <line num="30" type="stmt" count="1"/>
        <line num="31" type="stmt" count="1"/>
        <line num="34" type="stmt" count="1"/>
        <line num="35" type="stmt" count="1"/>
        <line num="36" type="stmt" count="1"/>
        <line num="38" type="stmt" count="1"/>
        <line num="39" type="stmt" count="1"/>
        <line num="40" type="stmt" count="1"/>
        <line num="41" type="stmt" count="1"/>
        <line num="42" type="stmt" count="1"/>
        <line num="43" type="stmt" count="1"/>
        <line num="44" type="stmt" count="1"/>
        <line num="45" type="stmt" count="1"/>
        <line num="46" type="stmt" count="1"/>
        <line num="49" type="stmt" count="1"/>
        <metrics loc="52" ncloc="52" classes="1" methods="1" coveredmethods="1" conditionals="0" coveredconditionals="0" statements="27" coveredstatements="27" elements="28" coveredelements="28"/>
      </file>
    </package>
    <package name="App\Http\Controllers\Home">
      <file name="/home/runner/work/tootlog/tootlog/app/Http/Controllers/Home/AccountController.php">
        <class name="App\Http\Controllers\Home\AccountController" namespace="App\Http\Controllers\Home">
          <metrics complexity="10" methods="5" coveredmethods="4" conditionals="0" coveredconditionals="0" statements="60" coveredstatements="58" elements="65" coveredelements="62"/>
        </class>
        <line num="26" type="method" name="redirect" visibility="public" complexity="1" crap="1" count="2"/>
        <line num="28" type="stmt" count="2"/>
        <line num="29" type="stmt" count="2"/>
        <line num="30" type="stmt" count="2"/>
        <line num="31" type="stmt" count="2"/>
        <line num="33" type="stmt" count="2"/>
        <line num="35" type="stmt" count="2"/>
        <line num="37" type="stmt" count="2"/>
        <line num="38" type="stmt" count="2"/>
        <line num="39" type="stmt" count="2"/>
        <line num="40" type="stmt" count="2"/>
        <line num="41" type="stmt" count="2"/>
        <line num="42" type="stmt" count="2"/>
        <line num="43" type="stmt" count="2"/>
        <line num="46" type="method" name="callback" visibility="public" complexity="4" crap="4.02" count="2"/>
        <line num="48" type="stmt" count="2"/>
        <line num="50" type="stmt" count="2"/>
        <line num="56" type="stmt" count="2"/>
        <line num="57" type="stmt" count="2"/>
        <line num="58" type="stmt" count="2"/>
        <line num="59" type="stmt" count="2"/>
        <line num="60" type="stmt" count="2"/>
        <line num="61" type="stmt" count="2"/>
        <line num="62" type="stmt" count="2"/>
        <line num="64" type="stmt" count="2"/>
        <line num="65" type="stmt" count="2"/>
        <line num="66" type="stmt" count="2"/>
        <line num="68" type="stmt" count="2"/>
        <line num="69" type="stmt" count="1"/>
        <line num="72" type="stmt" count="2"/>
        <line num="73" type="stmt" count="0"/>
        <line num="74" type="stmt" count="0"/>
        <line num="77" type="stmt" count="2"/>
        <line num="83" type="method" name="update" visibility="protected" complexity="1" crap="1" count="1"/>
        <line num="85" type="stmt" count="1"/>
        <line num="86" type="stmt" count="1"/>
        <line num="87" type="stmt" count="1"/>
        <line num="88" type="stmt" count="1"/>
        <line num="90" type="stmt" count="1"/>
        <line num="96" type="method" name="store" visibility="protected" complexity="1" crap="1" count="1"/>
        <line num="98" type="stmt" count="1"/>
        <line num="100" type="stmt" count="1"/>
        <line num="101" type="stmt" count="1"/>
        <line num="102" type="stmt" count="1"/>
        <line num="103" type="stmt" count="1"/>
        <line num="105" type="stmt" count="1"/>
        <line num="106" type="stmt" count="1"/>
        <line num="108" type="stmt" count="1"/>
        <line num="114" type="method" name="server" visibility="protected" complexity="3" crap="3" count="4"/>
        <line num="116" type="stmt" count="4"/>
        <line num="118" type="stmt" count="4"/>
        <line num="120" type="stmt" count="4"/>
        <line num="121" type="stmt" count="3"/>
        <line num="124" type="stmt" count="1"/>
        <line num="125" type="stmt" count="1"/>
        <line num="126" type="stmt" count="1"/>
        <line num="127" type="stmt" count="1"/>
        <line num="128" type="stmt" count="1"/>
        <line num="129" type="stmt" count="1"/>
        <line num="130" type="stmt" count="1"/>
        <line num="132" type="stmt" count="1"/>
        <line num="134" type="stmt" count="1"/>
        <line num="135" type="stmt" count="1"/>
        <line num="136" type="stmt" count="1"/>
        <line num="137" type="stmt" count="1"/>
        <metrics loc="140" ncloc="125" classes="1" methods="5" coveredmethods="4" conditionals="0" coveredconditionals="0" statements="60" coveredstatements="58" elements="65" coveredelements="62"/>
      </file>
      <file name="/home/runner/work/tootlog/tootlog/app/Http/Controllers/Home/AccountDeleteController.php">
        <class name="App\Http\Controllers\Home\AccountDeleteController" namespace="App\Http\Controllers\Home">
          <metrics complexity="1" methods="1" coveredmethods="1" conditionals="0" coveredconditionals="0" statements="3" coveredstatements="3" elements="4" coveredelements="4"/>
        </class>
        <line num="16" type="method" name="__invoke" visibility="public" complexity="1" crap="1" count="2"/>
        <line num="18" type="stmt" count="2"/>
        <line num="20" type="stmt" count="1"/>
        <line num="22" type="stmt" count="1"/>
        <metrics loc="25" ncloc="22" classes="1" methods="1" coveredmethods="1" conditionals="0" coveredconditionals="0" statements="3" coveredstatements="3" elements="4" coveredelements="4"/>
      </file>
      <file name="/home/runner/work/tootlog/tootlog/app/Http/Controllers/Home/ExportController.php">
        <class name="App\Http\Controllers\Home\ExportController" namespace="App\Http\Controllers\Home">
          <metrics complexity="1" methods="1" coveredmethods="1" conditionals="0" coveredconditionals="0" statements="2" coveredstatements="2" elements="3" coveredelements="3"/>
        </class>
        <line num="12" type="method" name="__invoke" visibility="public" complexity="1" crap="1" count="2"/>
        <line num="14" type="stmt" count="2"/>
        <line num="16" type="stmt" count="2"/>
        <metrics loc="19" ncloc="19" classes="1" methods="1" coveredmethods="1" conditionals="0" coveredconditionals="0" statements="2" coveredstatements="2" elements="3" coveredelements="3"/>
      </file>
      <file name="/home/runner/work/tootlog/tootlog/app/Http/Controllers/Home/HomeController.php">
        <class name="App\Http\Controllers\Home\HomeController" namespace="App\Http\Controllers\Home">
          <metrics complexity="1" methods="1" coveredmethods="1" conditionals="0" coveredconditionals="0" statements="6" coveredstatements="6" elements="7" coveredelements="7"/>
        </class>
        <line num="12" type="method" name="__invoke" visibility="public" complexity="1" crap="1" count="5"/>
        <line num="17" type="stmt" count="5"/>
        <line num="19" type="stmt" count="5"/>
        <line num="20" type="stmt" count="5"/>
        <line num="21" type="stmt" count="5"/>
        <line num="22" type="stmt" count="5"/>
        <line num="24" type="stmt" count="5"/>
        <metrics loc="27" ncloc="24" classes="1" methods="1" coveredmethods="1" conditionals="0" coveredconditionals="0" statements="6" coveredstatements="6" elements="7" coveredelements="7"/>
      </file>
      <file name="/home/runner/work/tootlog/tootlog/app/Http/Controllers/Home/PreferencesController.php">
        <class name="App\Http\Controllers\Home\PreferencesController" namespace="App\Http\Controllers\Home">
          <metrics complexity="3" methods="2" coveredmethods="1" conditionals="0" coveredconditionals="0" statements="10" coveredstatements="9" elements="12" coveredelements="10"/>
        </class>
        <line num="11" type="method" name="show" visibility="public" complexity="1" crap="1" count="1"/>
        <line num="13" type="stmt" count="1"/>
        <line num="16" type="method" name="update" visibility="public" complexity="2" crap="2.01" count="1"/>
        <line num="18" type="stmt" count="1"/>
        <line num="20" type="stmt" count="1"/>
        <line num="21" type="stmt" count="0"/>
        <line num="24" type="stmt" count="1"/>
        <line num="25" type="stmt" count="1"/>
        <line num="26" type="stmt" count="1"/>
        <line num="27" type="stmt" count="1"/>
        <line num="28" type="stmt" count="1"/>
        <line num="30" type="stmt" count="1"/>
        <metrics loc="33" ncloc="33" classes="1" methods="2" coveredmethods="1" conditionals="0" coveredconditionals="0" statements="10" coveredstatements="9" elements="12" coveredelements="10"/>
      </file>
      <file name="/home/runner/work/tootlog/tootlog/app/Http/Controllers/Home/TimelineController.php">
        <class name="App\Http\Controllers\Home\TimelineController" namespace="App\Http\Controllers\Home">
          <metrics complexity="2" methods="2" coveredmethods="2" conditionals="0" coveredconditionals="0" statements="8" coveredstatements="8" elements="10" coveredelements="10"/>
        </class>
        <line num="14" type="method" name="index" visibility="public" complexity="1" crap="1" count="1"/>
        <line num="19" type="stmt" count="1"/>
        <line num="21" type="stmt" count="1"/>
        <line num="23" type="stmt" count="1"/>
        <line num="26" type="method" name="acct" visibility="public" complexity="1" crap="1" count="2"/>
        <line num="28" type="stmt" count="2"/>
        <line num="30" type="stmt" count="2"/>
        <line num="35" type="stmt" count="1"/>
        <line num="37" type="stmt" count="1"/>
        <line num="39" type="stmt" count="1"/>
        <metrics loc="42" ncloc="36" classes="1" methods="2" coveredmethods="2" conditionals="0" coveredconditionals="0" statements="8" coveredstatements="8" elements="10" coveredelements="10"/>
      </file>
    </package>
    <package name="App\Http\Controllers\Open">
      <file name="/home/runner/work/tootlog/tootlog/app/Http/Controllers/Open/AccountController.php">
        <class name="App\Http\Controllers\Open\AccountController" namespace="App\Http\Controllers\Open">
          <metrics complexity="5" methods="2" coveredmethods="2" conditionals="0" coveredconditionals="0" statements="11" coveredstatements="11" elements="13" coveredelements="13"/>
        </class>
        <line num="14" type="method" name="index" visibility="public" complexity="2" crap="2" count="5"/>
        <line num="16" type="stmt" count="5"/>
        <line num="18" type="stmt" count="5"/>
        <line num="19" type="stmt" count="2"/>
        <line num="22" type="stmt" count="4"/>
        <line num="23" type="stmt" count="4"/>
        <line num="25" type="stmt" count="4"/>
        <line num="28" type="method" name="show" visibility="public" complexity="3" crap="3" count="2"/>
        <line num="30" type="stmt" count="2"/>
        <line num="32" type="stmt" count="2"/>
        <line num="34" type="stmt" count="2"/>
        <line num="35" type="stmt" count="1"/>
        <line num="38" type="stmt" count="1"/>
        <metrics loc="41" ncloc="41" classes="1" methods="2" coveredmethods="2" conditionals="0" coveredconditionals="0" statements="11" coveredstatements="11" elements="13" coveredelements="13"/>
      </file>
      <file name="/home/runner/work/tootlog/tootlog/app/Http/Controllers/Open/ArchiveController.php">
        <class name="App\Http\Controllers\Open\ArchiveController" namespace="App\Http\Controllers\Open">
          <metrics complexity="1" methods="1" coveredmethods="1" conditionals="0" coveredconditionals="0" statements="2" coveredstatements="2" elements="3" coveredelements="3"/>
        </class>
        <line num="11" type="method" name="__invoke" visibility="public" complexity="1" crap="1" count="1"/>
        <line num="13" type="stmt" count="1"/>
        <line num="15" type="stmt" count="1"/>
        <metrics loc="18" ncloc="18" classes="1" methods="1" coveredmethods="1" conditionals="0" coveredconditionals="0" statements="2" coveredstatements="2" elements="3" coveredelements="3"/>
      </file>
      <file name="/home/runner/work/tootlog/tootlog/app/Http/Controllers/Open/DateController.php">
        <class name="App\Http\Controllers\Open\DateController" namespace="App\Http\Controllers\Open">
          <metrics complexity="3" methods="2" coveredmethods="2" conditionals="0" coveredconditionals="0" statements="9" coveredstatements="9" elements="11" coveredelements="11"/>
        </class>
        <line num="13" type="method" name="date" visibility="public" complexity="2" crap="2" count="4"/>
        <line num="15" type="stmt" count="4"/>
        <line num="16" type="stmt" count="1"/>
        <line num="19" type="stmt" count="3"/>
        <line num="21" type="stmt" count="3"/>
        <line num="23" type="stmt" count="3"/>
        <line num="29" type="method" name="show" visibility="public" complexity="1" crap="1" count="1"/>
        <line num="31" type="stmt" count="1"/>
        <line num="32" type="stmt" count="1"/>
        <line num="33" type="stmt" count="1"/>
        <line num="35" type="stmt" count="1"/>
        <metrics loc="38" ncloc="35" classes="1" methods="2" coveredmethods="2" conditionals="0" coveredconditionals="0" statements="9" coveredstatements="9" elements="11" coveredelements="11"/>
      </file>
      <file name="/home/runner/work/tootlog/tootlog/app/Http/Controllers/Open/TagController.php">
        <class name="App\Http\Controllers\Open\TagController" namespace="App\Http\Controllers\Open">
          <metrics complexity="2" methods="2" coveredmethods="2" conditionals="0" coveredconditionals="0" statements="4" coveredstatements="4" elements="6" coveredelements="6"/>
        </class>
        <line num="13" type="method" name="index" visibility="public" complexity="1" crap="1" count="1"/>
        <line num="15" type="stmt" count="1"/>
        <line num="17" type="stmt" count="1"/>
        <line num="20" type="method" name="show" visibility="public" complexity="1" crap="1" count="2"/>
        <line num="22" type="stmt" count="2"/>
        <line num="24" type="stmt" count="2"/>
        <metrics loc="27" ncloc="27" classes="1" methods="2" coveredmethods="2" conditionals="0" coveredconditionals="0" statements="4" coveredstatements="4" elements="6" coveredelements="6"/>
      </file>
      <file name="/home/runner/work/tootlog/tootlog/app/Http/Controllers/Open/UserController.php">
        <class name="App\Http\Controllers\Open\UserController" namespace="App\Http\Controllers\Open">
          <metrics complexity="1" methods="1" coveredmethods="1" conditionals="0" coveredconditionals="0" statements="2" coveredstatements="2" elements="3" coveredelements="3"/>
        </class>
        <line num="12" type="method" name="index" visibility="public" complexity="1" crap="1" count="1"/>
        <line num="14" type="stmt" count="1"/>
        <line num="16" type="stmt" count="1"/>
        <metrics loc="19" ncloc="19" classes="1" methods="1" coveredmethods="1" conditionals="0" coveredconditionals="0" statements="2" coveredstatements="2" elements="3" coveredelements="3"/>
      </file>
    </package>
    <package name="App\Http\Requests\Account">
      <file name="/home/runner/work/tootlog/tootlog/app/Http/Requests/Account/AccountCreateRequest.php">
        <class name="App\Http\Requests\Account\AccountCreateRequest" namespace="App\Http\Requests\Account">
          <metrics complexity="2" methods="2" coveredmethods="2" conditionals="0" coveredconditionals="0" statements="4" coveredstatements="4" elements="6" coveredelements="6"/>
        </class>
        <line num="12" type="method" name="authorize" visibility="public" complexity="1" crap="1" count="2"/>
        <line num="14" type="stmt" count="2"/>
        <line num="20" type="method" name="rules" visibility="public" complexity="1" crap="1" count="2"/>
        <line num="22" type="stmt" count="2"/>
        <line num="23" type="stmt" count="2"/>
        <line num="24" type="stmt" count="2"/>
        <metrics loc="27" ncloc="21" classes="1" methods="2" coveredmethods="2" conditionals="0" coveredconditionals="0" statements="4" coveredstatements="4" elements="6" coveredelements="6"/>
      </file>
    </package>
    <package name="App\Http\Requests\User">
      <file name="/home/runner/work/tootlog/tootlog/app/Http/Requests/User/UserUpdateRequest.php">
        <class name="App\Http\Requests\User\UserUpdateRequest" namespace="App\Http\Requests\User">
          <metrics complexity="2" methods="2" coveredmethods="2" conditionals="0" coveredconditionals="0" statements="15" coveredstatements="15" elements="17" coveredelements="17"/>
        </class>
        <line num="14" type="method" name="authorize" visibility="public" complexity="1" crap="1" count="2"/>
        <line num="16" type="stmt" count="2"/>
        <line num="22" type="method" name="rules" visibility="public" complexity="1" crap="1" count="2"/>
        <line num="24" type="stmt" count="2"/>
        <line num="25" type="stmt" count="2"/>
        <line num="26" type="stmt" count="2"/>
        <line num="27" type="stmt" count="2"/>
        <line num="28" type="stmt" count="2"/>
        <line num="29" type="stmt" count="2"/>
        <line num="30" type="stmt" count="2"/>
        <line num="31" type="stmt" count="2"/>
        <line num="32" type="stmt" count="2"/>
        <line num="33" type="stmt" count="2"/>
        <line num="34" type="stmt" count="2"/>
        <line num="35" type="stmt" count="2"/>
        <line num="36" type="stmt" count="2"/>
        <line num="37" type="stmt" count="2"/>
        <metrics loc="40" ncloc="34" classes="1" methods="2" coveredmethods="2" conditionals="0" coveredconditionals="0" statements="15" coveredstatements="15" elements="17" coveredelements="17"/>
      </file>
    </package>
    <package name="App\Jobs">
      <file name="/home/runner/work/tootlog/tootlog/app/Jobs/ExportCsvJob.php">
        <class name="App\Jobs\ExportCsvJob" namespace="App\Jobs">
          <metrics complexity="7" methods="5" coveredmethods="4" conditionals="0" coveredconditionals="0" statements="38" coveredstatements="36" elements="43" coveredelements="40"/>
        </class>
        <line num="34" type="method" name="__construct" visibility="public" complexity="1" crap="1" count="2"/>
        <line num="39" type="method" name="handle" visibility="public" complexity="1" crap="1" count="1"/>
        <line num="41" type="stmt" count="1"/>
        <line num="43" type="stmt" count="1"/>
        <line num="45" type="stmt" count="1"/>
        <line num="52" type="method" name="write" visibility="private" complexity="2" crap="2" count="1"/>
        <line num="54" type="stmt" count="1"/>
        <line num="56" type="stmt" count="1"/>
        <line num="58" type="stmt" count="1"/>
        <line num="60" type="stmt" count="1"/>
        <line num="61" type="stmt" count="1"/>
        <line num="62" type="stmt" count="1"/>
        <line num="63" type="stmt" count="1"/>
        <line num="64" type="stmt" count="1"/>
        <line num="65" type="stmt" count="1"/>
        <line num="66" type="stmt" count="1"/>
        <line num="67" type="stmt" count="1"/>
        <line num="68" type="stmt" count="1"/>
        <line num="70" type="stmt" count="1"/>
        <line num="72" type="stmt" count="1"/>
        <line num="73" type="stmt" count="1"/>
        <line num="77" type="method" name="header" visibility="protected" complexity="1" crap="1" count="1"/>
        <line num="79" type="stmt" count="1"/>
        <line num="80" type="stmt" count="1"/>
        <line num="81" type="stmt" count="1"/>
        <line num="82" type="stmt" count="1"/>
        <line num="83" type="stmt" count="1"/>
        <line num="84" type="stmt" count="1"/>
        <line num="85" type="stmt" count="1"/>
        <line num="86" type="stmt" count="1"/>
        <line num="92" type="method" name="insert" visibility="protected" complexity="2" crap="2.02" count="1"/>
        <line num="94" type="stmt" count="1"/>
        <line num="95" type="stmt" count="1"/>
        <line num="96" type="stmt" count="1"/>
        <line num="97" type="stmt" count="1"/>
        <line num="98" type="stmt" count="1"/>
        <line num="99" type="stmt" count="1"/>
        <line num="100" type="stmt" count="1"/>
        <line num="101" type="stmt" count="1"/>
        <line num="104" type="stmt" count="1"/>
        <line num="105" type="stmt" count="0"/>
        <line num="106" type="stmt" count="0"/>
        <metrics loc="110" ncloc="97" classes="1" methods="5" coveredmethods="4" conditionals="0" coveredconditionals="0" statements="38" coveredstatements="36" elements="43" coveredelements="40"/>
      </file>
      <file name="/home/runner/work/tootlog/tootlog/app/Jobs/GetStatusJob.php">
        <class name="App\Jobs\GetStatusJob" namespace="App\Jobs">
          <metrics complexity="21" methods="12" coveredmethods="9" conditionals="0" coveredconditionals="0" statements="81" coveredstatements="74" elements="93" coveredelements="83"/>
        </class>
        <line num="31" type="method" name="__construct" visibility="public" complexity="1" crap="1" count="8"/>
        <line num="36" type="method" name="handle" visibility="public" complexity="4" crap="4.49" count="5"/>
        <line num="38" type="stmt" count="5"/>
        <line num="41" type="stmt" count="5"/>
        <line num="42" type="stmt" count="0"/>
        <line num="43" type="stmt" count="0"/>
        <line num="45" type="stmt" count="0"/>
        <line num="47" type="stmt" count="0"/>
        <line num="51" type="stmt" count="5"/>
        <line num="53" type="stmt" count="4"/>
        <line num="54" type="stmt" count="1"/>
        <line num="55" type="stmt" count="1"/>
        <line num="57" type="stmt" count="1"/>
        <line num="59" type="stmt" count="1"/>
        <line num="62" type="stmt" count="4"/>
        <line num="64" type="stmt" count="4"/>
        <line num="66" type="stmt" count="4"/>
        <line num="67" type="stmt" count="0"/>
        <line num="71" type="method" name="refresh" visibility="protected" complexity="1" crap="1" count="5"/>
        <line num="73" type="stmt" count="5"/>
        <line num="74" type="stmt" count="5"/>
        <line num="75" type="stmt" count="5"/>
        <line num="77" type="stmt" count="5"/>
        <line num="79" type="stmt" count="5"/>
        <line num="82" type="method" name="create" visibility="protected" complexity="2" crap="2" count="4"/>
        <line num="84" type="stmt" count="4"/>
        <line num="85" type="stmt" count="4"/>
        <line num="89" type="method" name="createStatus" visibility="protected" complexity="3" crap="3.02" count="4"/>
        <line num="91" type="stmt" count="4"/>
        <line num="92" type="stmt" count="1"/>
        <line num="95" type="stmt" count="3"/>
        <line num="97" type="stmt" count="3"/>
        <line num="98" type="stmt" count="0"/>
        <line num="101" type="stmt" count="3"/>
        <line num="102" type="stmt" count="3"/>
        <line num="103" type="stmt" count="3"/>
        <line num="106" type="method" name="statusData" visibility="protected" complexity="1" crap="1" count="3"/>
        <line num="108" type="stmt" count="3"/>
        <line num="109" type="stmt" count="3"/>
        <line num="110" type="stmt" count="3"/>
        <line num="111" type="stmt" count="3"/>
        <line num="112" type="stmt" count="3"/>
        <line num="113" type="stmt" count="3"/>
        <line num="114" type="stmt" count="3"/>
        <line num="115" type="stmt" count="3"/>
        <line num="117" type="stmt" count="3"/>
        <line num="119" type="stmt" count="3"/>
        <line num="121" type="stmt" count="3"/>
        <line num="123" type="stmt" count="3"/>
        <line num="126" type="method" name="newStatus" visibility="protected" complexity="3" crap="3" count="3"/>
        <line num="128" type="stmt" count="3"/>
        <line num="129" type="stmt" count="3"/>
        <line num="130" type="stmt" count="3"/>
        <line num="131" type="stmt" count="3"/>
        <line num="133" type="stmt" count="3"/>
        <line num="135" type="stmt" count="3"/>
        <line num="136" type="stmt" count="1"/>
        <line num="137" type="stmt" count="1"/>
        <line num="140" type="stmt" count="3"/>
        <line num="141" type="stmt" count="1"/>
        <line num="142" type="stmt" count="1"/>
        <line num="146" type="method" name="get" visibility="protected" complexity="1" crap="1" count="5"/>
        <line num="148" type="stmt" count="5"/>
        <line num="149" type="stmt" count="5"/>
        <line num="150" type="stmt" count="5"/>
        <line num="151" type="stmt" count="5"/>
        <line num="152" type="stmt" count="5"/>
        <line num="153" type="stmt" count="5"/>
        <line num="156" type="method" name="since" visibility="protected" complexity="1" crap="1" count="4"/>
        <line num="158" type="stmt" count="4"/>
        <line num="160" type="stmt" count="4"/>
        <line num="163" type="method" name="reblog" visibility="protected" complexity="1" crap="1" count="1"/>
        <line num="165" type="stmt" count="1"/>
        <line num="166" type="stmt" count="1"/>
        <line num="167" type="stmt" count="1"/>
        <line num="168" type="stmt" count="1"/>
        <line num="169" type="stmt" count="1"/>
        <line num="170" type="stmt" count="1"/>
        <line num="171" type="stmt" count="1"/>
        <line num="172" type="stmt" count="1"/>
        <line num="173" type="stmt" count="1"/>
        <line num="174" type="stmt" count="1"/>
        <line num="175" type="stmt" count="1"/>
        <line num="176" type="stmt" count="1"/>
        <line num="178" type="stmt" count="1"/>
        <line num="181" type="method" name="tag" visibility="protected" complexity="2" crap="2" count="1"/>
        <line num="183" type="stmt" count="1"/>
        <line num="185" type="stmt" count="1"/>
        <line num="186" type="stmt" count="1"/>
        <line num="189" type="stmt" count="1"/>
        <line num="192" type="method" name="failed" visibility="public" complexity="1" crap="2" count="0"/>
        <line num="194" type="stmt" count="0"/>
        <metrics loc="197" ncloc="191" classes="1" methods="12" coveredmethods="9" conditionals="0" coveredconditionals="0" statements="81" coveredstatements="74" elements="93" coveredelements="83"/>
      </file>
      <file name="/home/runner/work/tootlog/tootlog/app/Jobs/InstanceVersionJob.php">
        <class name="App\Jobs\InstanceVersionJob" namespace="App\Jobs">
          <metrics complexity="2" methods="2" coveredmethods="2" conditionals="0" coveredconditionals="0" statements="8" coveredstatements="8" elements="10" coveredelements="10"/>
        </class>
        <line num="23" type="method" name="__construct" visibility="public" complexity="1" crap="1" count="2"/>
        <line num="26" type="stmt" count="2"/>
        <line num="31" type="method" name="handle" visibility="public" complexity="1" crap="1" count="1"/>
        <line num="33" type="stmt" count="1"/>
        <line num="34" type="stmt" count="1"/>
        <line num="36" type="stmt" count="1"/>
        <line num="37" type="stmt" count="1"/>
        <line num="38" type="stmt" count="1"/>
        <line num="39" type="stmt" count="1"/>
        <line num="40" type="stmt" count="1"/>
        <metrics loc="43" ncloc="36" classes="1" methods="2" coveredmethods="2" conditionals="0" coveredconditionals="0" statements="8" coveredstatements="8" elements="10" coveredelements="10"/>
      </file>
    </package>
    <package name="App\Livewire">
      <file name="/home/runner/work/tootlog/tootlog/app/Livewire/FooterInfo.php">
        <class name="App\Livewire\FooterInfo" namespace="App\Livewire">
          <metrics complexity="1" methods="1" coveredmethods="0" conditionals="0" coveredconditionals="0" statements="16" coveredstatements="0" elements="17" coveredelements="0"/>
        </class>
        <line num="18" type="method" name="mount" visibility="public" complexity="1" crap="2" count="0"/>
        <line num="20" type="stmt" count="0"/>
        <line num="22" type="stmt" count="0"/>
        <line num="23" type="stmt" count="0"/>
        <line num="24" type="stmt" count="0"/>
        <line num="25" type="stmt" count="0"/>
        <line num="26" type="stmt" count="0"/>
        <line num="28" type="stmt" count="0"/>
        <line num="29" type="stmt" count="0"/>
        <line num="30" type="stmt" count="0"/>
        <line num="31" type="stmt" count="0"/>
        <line num="32" type="stmt" count="0"/>
        <line num="34" type="stmt" count="0"/>
        <line num="35" type="stmt" count="0"/>
        <line num="36" type="stmt" count="0"/>
        <line num="37" type="stmt" count="0"/>
        <line num="38" type="stmt" count="0"/>
        <metrics loc="41" ncloc="41" classes="1" methods="1" coveredmethods="0" conditionals="0" coveredconditionals="0" statements="16" coveredstatements="0" elements="17" coveredelements="0"/>
      </file>
      <file name="/home/runner/work/tootlog/tootlog/app/Livewire/StatusToggle.php">
        <class name="App\Livewire\StatusToggle" namespace="App\Livewire">
          <metrics complexity="2" methods="1" coveredmethods="1" conditionals="0" coveredconditionals="0" statements="3" coveredstatements="3" elements="4" coveredelements="4"/>
        </class>
        <line num="12" type="method" name="toggle" visibility="public" complexity="2" crap="2" count="2"/>
        <line num="14" type="stmt" count="2"/>
        <line num="15" type="stmt" count="1"/>
        <line num="17" type="stmt" count="1"/>
        <metrics loc="21" ncloc="21" classes="1" methods="1" coveredmethods="1" conditionals="0" coveredconditionals="0" statements="3" coveredstatements="3" elements="4" coveredelements="4"/>
      </file>
    </package>
    <package name="App\Mail\Export">
      <file name="/home/runner/work/tootlog/tootlog/app/Mail/Export/CsvExported.php">
        <class name="App\Mail\Export\CsvExported" namespace="App\Mail\Export">
          <metrics complexity="3" methods="2" coveredmethods="1" conditionals="0" coveredconditionals="0" statements="5" coveredstatements="1" elements="7" coveredelements="2"/>
        </class>
        <line num="19" type="method" name="__construct" visibility="public" complexity="1" crap="1" count="1"/>
        <line num="24" type="method" name="build" visibility="public" complexity="2" crap="6" count="0"/>
        <line num="26" type="stmt" count="0"/>
        <line num="27" type="stmt" count="0"/>
        <line num="30" type="stmt" count="0"/>
        <line num="31" type="stmt" count="0"/>
        <metrics loc="34" ncloc="28" classes="1" methods="2" coveredmethods="1" conditionals="0" coveredconditionals="0" statements="5" coveredstatements="1" elements="7" coveredelements="2"/>
      </file>
    </package>
    <package name="App\Models">
      <file name="/home/runner/work/tootlog/tootlog/app/Models/Account.php">
        <class name="App\Models\Account" namespace="App\Models">
          <metrics complexity="12" methods="11" coveredmethods="11" conditionals="0" coveredconditionals="0" statements="20" coveredstatements="20" elements="31" coveredelements="31"/>
        </class>
        <line num="50" type="method" name="casts" visibility="protected" complexity="1" crap="1" count="51"/>
        <line num="52" type="stmt" count="51"/>
        <line num="55" type="method" name="scopeByAcct" visibility="public" complexity="1" crap="1" count="9"/>
        <line num="57" type="stmt" count="9"/>
        <line num="59" type="stmt" count="9"/>
        <line num="62" type="method" name="acct" visibility="public" complexity="1" crap="1" count="26"/>
        <line num="64" type="stmt" count="26"/>
        <line num="65" type="stmt" count="26"/>
        <line num="66" type="stmt" count="26"/>
        <line num="69" type="method" name="domain" visibility="public" complexity="1" crap="1" count="22"/>
        <line num="71" type="stmt" count="22"/>
        <line num="72" type="stmt" count="22"/>
        <line num="73" type="stmt" count="22"/>
        <line num="76" type="method" name="favicon" visibility="public" complexity="1" crap="1" count="21"/>
        <line num="78" type="stmt" count="21"/>
        <line num="79" type="stmt" count="21"/>
        <line num="80" type="stmt" count="21"/>
        <line num="83" type="method" name="name" visibility="public" complexity="2" crap="2" count="16"/>
        <line num="85" type="stmt" count="16"/>
        <line num="86" type="stmt" count="16"/>
        <line num="87" type="stmt" count="16"/>
        <line num="93" type="method" name="user" visibility="public" complexity="1" crap="1" count="33"/>
        <line num="95" type="stmt" count="33"/>
        <line num="101" type="method" name="server" visibility="public" complexity="1" crap="1" count="25"/>
        <line num="103" type="stmt" count="25"/>
        <line num="109" type="method" name="statuses" visibility="public" complexity="1" crap="1" count="22"/>
        <line num="111" type="stmt" count="22"/>
        <line num="114" type="method" name="mastodonDomain" visibility="protected" complexity="1" crap="1" count="5"/>
        <line num="116" type="stmt" count="5"/>
        <line num="119" type="method" name="mastodonToken" visibility="protected" complexity="1" crap="1" count="5"/>
        <line num="121" type="stmt" count="5"/>
        <metrics loc="124" ncloc="112" classes="1" methods="11" coveredmethods="11" conditionals="0" coveredconditionals="0" statements="20" coveredstatements="20" elements="31" coveredelements="31"/>
      </file>
      <file name="/home/runner/work/tootlog/tootlog/app/Models/Reblog.php">
        <class name="App\Models\Reblog" namespace="App\Models">
          <metrics complexity="3" methods="3" coveredmethods="1" conditionals="0" coveredconditionals="0" statements="7" coveredstatements="3" elements="10" coveredelements="4"/>
        </class>
        <line num="33" type="method" name="casts" visibility="protected" complexity="1" crap="1" count="12"/>
        <line num="35" type="stmt" count="12"/>
        <line num="36" type="stmt" count="12"/>
        <line num="37" type="stmt" count="12"/>
        <line num="40" type="method" name="name" visibility="public" complexity="1" crap="2" count="0"/>
        <line num="42" type="stmt" count="0"/>
        <line num="43" type="stmt" count="0"/>
        <line num="44" type="stmt" count="0"/>
        <line num="50" type="method" name="statuses" visibility="public" complexity="1" crap="2" count="0"/>
        <line num="52" type="stmt" count="0"/>
        <metrics loc="55" ncloc="46" classes="1" methods="3" coveredmethods="1" conditionals="0" coveredconditionals="0" statements="7" coveredstatements="3" elements="10" coveredelements="4"/>
      </file>
      <file name="/home/runner/work/tootlog/tootlog/app/Models/Server.php">
        <class name="App\Models\Server" namespace="App\Models">
          <metrics complexity="4" methods="3" coveredmethods="2" conditionals="0" coveredconditionals="0" statements="12" coveredstatements="10" elements="15" coveredelements="12"/>
        </class>
        <line num="30" type="method" name="streaming" visibility="public" complexity="2" crap="2.06" count="3"/>
        <line num="32" type="stmt" count="3"/>
        <line num="33" type="stmt" count="3"/>
        <line num="34" type="stmt" count="2"/>
        <line num="35" type="stmt" count="2"/>
        <line num="38" type="stmt" count="0"/>
        <line num="40" type="stmt" count="0"/>
        <line num="41" type="stmt" count="3"/>
        <line num="42" type="stmt" count="3"/>
        <line num="45" type="method" name="favicon" visibility="public" complexity="1" crap="1" count="1"/>
        <line num="47" type="stmt" count="1"/>
        <line num="48" type="stmt" count="1"/>
        <line num="49" type="stmt" count="1"/>
        <line num="55" type="method" name="accounts" visibility="public" complexity="1" crap="1" count="2"/>
        <line num="57" type="stmt" count="2"/>
        <metrics loc="60" ncloc="51" classes="1" methods="3" coveredmethods="2" conditionals="0" coveredconditionals="0" statements="12" coveredstatements="10" elements="15" coveredelements="12"/>
      </file>
      <file name="/home/runner/work/tootlog/tootlog/app/Models/Status.php">
        <class name="App\Models\Status" namespace="App\Models">
          <metrics complexity="7" methods="7" coveredmethods="7" conditionals="0" coveredconditionals="0" statements="19" coveredstatements="19" elements="26" coveredelements="26"/>
        </class>
        <line num="46" type="method" name="casts" visibility="protected" complexity="1" crap="1" count="32"/>
        <line num="48" type="stmt" count="32"/>
        <line num="49" type="stmt" count="32"/>
        <line num="50" type="stmt" count="32"/>
        <line num="51" type="stmt" count="32"/>
        <line num="52" type="stmt" count="32"/>
        <line num="55" type="method" name="acct" visibility="public" complexity="1" crap="1" count="10"/>
        <line num="57" type="stmt" count="10"/>
        <line num="58" type="stmt" count="10"/>
        <line num="59" type="stmt" count="10"/>
        <line num="65" type="method" name="name" visibility="public" complexity="1" crap="1" count="13"/>
        <line num="67" type="stmt" count="13"/>
        <line num="68" type="stmt" count="13"/>
        <line num="69" type="stmt" count="13"/>
        <line num="72" type="method" name="localDatetime" visibility="public" complexity="1" crap="1" count="13"/>
        <line num="74" type="stmt" count="13"/>
        <line num="75" type="stmt" count="13"/>
        <line num="76" type="stmt" count="13"/>
        <line num="82" type="method" name="account" visibility="public" complexity="1" crap="1" count="15"/>
        <line num="84" type="stmt" count="15"/>
        <line num="90" type="method" name="reblog" visibility="public" complexity="1" crap="1" count="12"/>
        <line num="92" type="stmt" count="12"/>
        <line num="98" type="method" name="tags" visibility="public" complexity="1" crap="1" count="4"/>
        <line num="100" type="stmt" count="4"/>
        <line num="101" type="stmt" count="4"/>
        <line num="102" type="stmt" count="4"/>
        <metrics loc="105" ncloc="87" classes="1" methods="7" coveredmethods="7" conditionals="0" coveredconditionals="0" statements="19" coveredstatements="19" elements="26" coveredelements="26"/>
      </file>
      <file name="/home/runner/work/tootlog/tootlog/app/Models/StatusTag.php">
        <class name="App\Models\StatusTag" namespace="App\Models">
          <metrics complexity="0" methods="0" coveredmethods="0" conditionals="0" coveredconditionals="0" statements="0" coveredstatements="0" elements="0" coveredelements="0"/>
        </class>
        <metrics loc="11" ncloc="10" classes="0" methods="0" coveredmethods="0" conditionals="0" coveredconditionals="0" statements="0" coveredstatements="0" elements="0" coveredelements="0"/>
      </file>
      <file name="/home/runner/work/tootlog/tootlog/app/Models/Tag.php">
        <class name="App\Models\Tag" namespace="App\Models">
          <metrics complexity="2" methods="2" coveredmethods="2" conditionals="0" coveredconditionals="0" statements="4" coveredstatements="4" elements="6" coveredelements="6"/>
        </class>
        <line num="20" type="method" name="getRouteKeyName" visibility="public" complexity="1" crap="1" count="3"/>
        <line num="22" type="stmt" count="3"/>
        <line num="28" type="method" name="statuses" visibility="public" complexity="1" crap="1" count="3"/>
        <line num="30" type="stmt" count="3"/>
        <line num="31" type="stmt" count="3"/>
        <line num="32" type="stmt" count="3"/>
        <metrics loc="35" ncloc="29" classes="1" methods="2" coveredmethods="2" conditionals="0" coveredconditionals="0" statements="4" coveredstatements="4" elements="6" coveredelements="6"/>
      </file>
      <file name="/home/runner/work/tootlog/tootlog/app/Models/User.php">
        <class name="App\Models\User" namespace="App\Models">
          <metrics complexity="3" methods="3" coveredmethods="3" conditionals="0" coveredconditionals="0" statements="3" coveredstatements="3" elements="6" coveredelements="6"/>
        </class>
        <line num="48" type="method" name="getRouteKeyName" visibility="public" complexity="1" crap="1" count="24"/>
        <line num="50" type="stmt" count="24"/>
        <line num="56" type="method" name="accounts" visibility="public" complexity="1" crap="1" count="22"/>
        <line num="58" type="stmt" count="22"/>
        <line num="64" type="method" name="statuses" visibility="public" complexity="1" crap="1" count="18"/>
        <line num="66" type="stmt" count="18"/>
        <metrics loc="69" ncloc="53" classes="1" methods="3" coveredmethods="3" conditionals="0" coveredconditionals="0" statements="3" coveredstatements="3" elements="6" coveredelements="6"/>
      </file>
    </package>
    <package name="App\Models\Concerns">
      <file name="/home/runner/work/tootlog/tootlog/app/Models/Concerns/WithAccountStatus.php">
        <class name="App\Models\Concerns\WithAccountStatus" namespace="App\Models\Concerns">
          <metrics complexity="2" methods="2" coveredmethods="2" conditionals="0" coveredconditionals="0" statements="9" coveredstatements="9" elements="11" coveredelements="11"/>
        </class>
        <line num="13" type="method" name="status" visibility="public" complexity="1" crap="1" count="2"/>
        <line num="15" type="stmt" count="2"/>
        <line num="16" type="stmt" count="2"/>
        <line num="17" type="stmt" count="2"/>
        <line num="18" type="stmt" count="2"/>
        <line num="24" type="method" name="openStatuses" visibility="public" complexity="1" crap="1" count="4"/>
        <line num="26" type="stmt" count="4"/>
        <line num="27" type="stmt" count="4"/>
        <line num="28" type="stmt" count="1"/>
        <line num="29" type="stmt" count="4"/>
        <line num="30" type="stmt" count="4"/>
        <metrics loc="33" ncloc="27" classes="1" methods="2" coveredmethods="2" conditionals="0" coveredconditionals="0" statements="9" coveredstatements="9" elements="11" coveredelements="11"/>
      </file>
      <file name="/home/runner/work/tootlog/tootlog/app/Models/Concerns/WithUserAccount.php">
        <class name="App\Models\Concerns\WithUserAccount" namespace="App\Models\Concerns">
          <metrics complexity="2" methods="2" coveredmethods="2" conditionals="0" coveredconditionals="0" statements="11" coveredstatements="11" elements="13" coveredelements="13"/>
        </class>
        <line num="12" type="method" name="allAccounts" visibility="public" complexity="1" crap="1" count="7"/>
        <line num="14" type="stmt" count="7"/>
        <line num="15" type="stmt" count="7"/>
        <line num="16" type="stmt" count="7"/>
        <line num="17" type="stmt" count="7"/>
        <line num="18" type="stmt" count="7"/>
        <line num="24" type="method" name="openAccounts" visibility="public" complexity="1" crap="1" count="13"/>
        <line num="26" type="stmt" count="13"/>
        <line num="27" type="stmt" count="13"/>
        <line num="28" type="stmt" count="13"/>
        <line num="29" type="stmt" count="13"/>
        <line num="30" type="stmt" count="13"/>
        <line num="31" type="stmt" count="13"/>
        <metrics loc="34" ncloc="28" classes="1" methods="2" coveredmethods="2" conditionals="0" coveredconditionals="0" statements="11" coveredstatements="11" elements="13" coveredelements="13"/>
      </file>
      <file name="/home/runner/work/tootlog/tootlog/app/Models/Concerns/WithUserArchives.php">
        <class name="App\Models\Concerns\WithUserArchives" namespace="App\Models\Concerns">
          <metrics complexity="4" methods="2" coveredmethods="0" conditionals="0" coveredconditionals="0" statements="31" coveredstatements="29" elements="33" coveredelements="29"/>
        </class>
        <line num="12" type="method" name="openRecents" visibility="public" complexity="2" crap="2.00" count="18"/>
        <line num="14" type="stmt" count="18"/>
        <line num="15" type="stmt" count="18"/>
        <line num="16" type="stmt" count="18"/>
        <line num="17" type="stmt" count="0"/>
        <line num="19" type="stmt" count="18"/>
        <line num="20" type="stmt" count="18"/>
        <line num="21" type="stmt" count="18"/>
        <line num="22" type="stmt" count="18"/>
        <line num="23" type="stmt" count="18"/>
        <line num="24" type="stmt" count="18"/>
        <line num="25" type="stmt" count="18"/>
        <line num="26" type="stmt" count="18"/>
        <line num="27" type="stmt" count="18"/>
        <line num="28" type="stmt" count="18"/>
        <line num="29" type="stmt" count="18"/>
        <line num="30" type="stmt" count="18"/>
        <line num="36" type="method" name="openArchives" visibility="public" complexity="2" crap="2.00" count="1"/>
        <line num="38" type="stmt" count="1"/>
        <line num="39" type="stmt" count="1"/>
        <line num="40" type="stmt" count="1"/>
        <line num="41" type="stmt" count="0"/>
        <line num="43" type="stmt" count="1"/>
        <line num="44" type="stmt" count="1"/>
        <line num="45" type="stmt" count="1"/>
        <line num="46" type="stmt" count="1"/>
        <line num="47" type="stmt" count="1"/>
        <line num="48" type="stmt" count="1"/>
        <line num="49" type="stmt" count="1"/>
        <line num="50" type="stmt" count="1"/>
        <line num="51" type="stmt" count="1"/>
        <line num="52" type="stmt" count="1"/>
        <line num="53" type="stmt" count="1"/>
        <metrics loc="56" ncloc="50" classes="1" methods="2" coveredmethods="0" conditionals="0" coveredconditionals="0" statements="31" coveredstatements="29" elements="33" coveredelements="29"/>
      </file>
      <file name="/home/runner/work/tootlog/tootlog/app/Models/Concerns/WithUserStatus.php">
        <class name="App\Models\Concerns\WithUserStatus" namespace="App\Models\Concerns">
          <metrics complexity="4" methods="4" coveredmethods="3" conditionals="0" coveredconditionals="0" statements="25" coveredstatements="24" elements="29" coveredelements="27"/>
        </class>
        <line num="13" type="method" name="allStatuses" visibility="public" complexity="1" crap="1" count="5"/>
        <line num="15" type="stmt" count="5"/>
        <line num="16" type="stmt" count="5"/>
        <line num="17" type="stmt" count="2"/>
        <line num="18" type="stmt" count="5"/>
        <line num="19" type="stmt" count="5"/>
        <line num="20" type="stmt" count="5"/>
        <line num="26" type="method" name="openStatuses" visibility="public" complexity="1" crap="1.00" count="1"/>
        <line num="28" type="stmt" count="1"/>
        <line num="29" type="stmt" count="1"/>
        <line num="30" type="stmt" count="0"/>
        <line num="31" type="stmt" count="1"/>
        <line num="32" type="stmt" count="1"/>
        <line num="33" type="stmt" count="1"/>
        <line num="39" type="method" name="openStatusesByDate" visibility="public" complexity="1" crap="1" count="3"/>
        <line num="41" type="stmt" count="3"/>
        <line num="42" type="stmt" count="3"/>
        <line num="43" type="stmt" count="3"/>
        <line num="44" type="stmt" count="3"/>
        <line num="45" type="stmt" count="3"/>
        <line num="46" type="stmt" count="3"/>
        <line num="52" type="method" name="openTagStatuses" visibility="public" complexity="1" crap="1" count="2"/>
        <line num="54" type="stmt" count="2"/>
        <line num="56" type="stmt" count="2"/>
        <line num="57" type="stmt" count="2"/>
        <line num="58" type="stmt" count="1"/>
        <line num="59" type="stmt" count="2"/>
        <line num="60" type="stmt" count="2"/>
        <line num="61" type="stmt" count="2"/>
        <metrics loc="64" ncloc="52" classes="1" methods="4" coveredmethods="3" conditionals="0" coveredconditionals="0" statements="25" coveredstatements="24" elements="29" coveredelements="27"/>
      </file>
      <file name="/home/runner/work/tootlog/tootlog/app/Models/Concerns/WithUserTag.php">
        <class name="App\Models\Concerns\WithUserTag" namespace="App\Models\Concerns">
          <metrics complexity="1" methods="1" coveredmethods="1" conditionals="0" coveredconditionals="0" statements="12" coveredstatements="12" elements="13" coveredelements="13"/>
        </class>
        <line num="14" type="method" name="tags" visibility="public" complexity="1" crap="1" count="1"/>
        <line num="16" type="stmt" count="1"/>
        <line num="17" type="stmt" count="1"/>
        <line num="18" type="stmt" count="1"/>
        <line num="19" type="stmt" count="1"/>
        <line num="21" type="stmt" count="1"/>
        <line num="22" type="stmt" count="1"/>
        <line num="23" type="stmt" count="1"/>
        <line num="24" type="stmt" count="1"/>
        <line num="26" type="stmt" count="1"/>
        <line num="27" type="stmt" count="1"/>
        <line num="28" type="stmt" count="1"/>
        <line num="29" type="stmt" count="1"/>
        <metrics loc="32" ncloc="29" classes="1" methods="1" coveredmethods="1" conditionals="0" coveredconditionals="0" statements="12" coveredstatements="12" elements="13" coveredelements="13"/>
      </file>
    </package>
    <package name="App\Policies">
      <file name="/home/runner/work/tootlog/tootlog/app/Policies/AccountPolicy.php">
        <class name="App\Policies\AccountPolicy" namespace="App\Policies">
          <metrics complexity="3" methods="3" coveredmethods="3" conditionals="0" coveredconditionals="0" statements="3" coveredstatements="3" elements="6" coveredelements="6"/>
        </class>
        <line num="16" type="method" name="__construct" visibility="public" complexity="1" crap="1" count="11"/>
        <line num="19" type="stmt" count="11"/>
        <line num="21" type="method" name="show" visibility="public" complexity="1" crap="1" count="5"/>
        <line num="23" type="stmt" count="5"/>
        <line num="26" type="method" name="delete" visibility="public" complexity="1" crap="1" count="6"/>
        <line num="28" type="stmt" count="6"/>
        <metrics loc="31" ncloc="27" classes="1" methods="3" coveredmethods="3" conditionals="0" coveredconditionals="0" statements="3" coveredstatements="3" elements="6" coveredelements="6"/>
      </file>
      <file name="/home/runner/work/tootlog/tootlog/app/Policies/StatusPolicy.php">
        <class name="App\Policies\StatusPolicy" namespace="App\Policies">
          <metrics complexity="2" methods="2" coveredmethods="2" conditionals="0" coveredconditionals="0" statements="2" coveredstatements="2" elements="4" coveredelements="4"/>
        </class>
        <line num="16" type="method" name="__construct" visibility="public" complexity="1" crap="1" count="9"/>
        <line num="19" type="stmt" count="9"/>
        <line num="21" type="method" name="hide" visibility="public" complexity="1" crap="1" count="9"/>
        <line num="23" type="stmt" count="9"/>
        <metrics loc="26" ncloc="22" classes="1" methods="2" coveredmethods="2" conditionals="0" coveredconditionals="0" statements="2" coveredstatements="2" elements="4" coveredelements="4"/>
      </file>
    </package>
    <package name="App\Providers">
      <file name="/home/runner/work/tootlog/tootlog/app/Providers/AppServiceProvider.php">
        <class name="App\Providers\AppServiceProvider" namespace="App\Providers">
          <metrics complexity="2" methods="2" coveredmethods="2" conditionals="0" coveredconditionals="0" statements="8" coveredstatements="8" elements="10" coveredelements="10"/>
        </class>
        <line num="19" type="method" name="boot" visibility="public" complexity="1" crap="1" count="55"/>
        <line num="21" type="stmt" count="55"/>
        <line num="23" type="stmt" count="55"/>
        <line num="25" type="stmt" count="55"/>
        <line num="26" type="stmt" count="55"/>
        <line num="27" type="stmt" count="55"/>
        <line num="28" type="stmt" count="55"/>
        <line num="30" type="stmt" count="55"/>
        <line num="36" type="method" name="register" visibility="public" complexity="1" crap="1" count="55"/>
        <line num="39" type="stmt" count="55"/>
        <metrics loc="41" ncloc="33" classes="1" methods="2" coveredmethods="2" conditionals="0" coveredconditionals="0" statements="8" coveredstatements="8" elements="10" coveredelements="10"/>
      </file>
      <file name="/home/runner/work/tootlog/tootlog/app/Providers/FortifyServiceProvider.php">
        <class name="App\Providers\FortifyServiceProvider" namespace="App\Providers">
          <metrics complexity="2" methods="2" coveredmethods="1" conditionals="0" coveredconditionals="0" statements="12" coveredstatements="9" elements="14" coveredelements="10"/>
        </class>
        <line num="21" type="method" name="register" visibility="public" complexity="1" crap="1" count="55"/>
        <line num="24" type="stmt" count="55"/>
        <line num="29" type="method" name="boot" visibility="public" complexity="1" crap="1.02" count="55"/>
        <line num="31" type="stmt" count="55"/>
        <line num="33" type="stmt" count="55"/>
        <line num="35" type="stmt" count="55"/>
        <line num="36" type="stmt" count="55"/>
        <line num="38" type="stmt" count="55"/>
        <line num="39" type="stmt" count="0"/>
        <line num="41" type="stmt" count="0"/>
        <line num="42" type="stmt" count="55"/>
        <line num="44" type="stmt" count="55"/>
        <line num="45" type="stmt" count="0"/>
        <line num="46" type="stmt" count="55"/>
        <metrics loc="49" ncloc="41" classes="1" methods="2" coveredmethods="1" conditionals="0" coveredconditionals="0" statements="12" coveredstatements="9" elements="14" coveredelements="10"/>
      </file>
      <file name="/home/runner/work/tootlog/tootlog/app/Providers/HorizonServiceProvider.php">
        <class name="App\Providers\HorizonServiceProvider" namespace="App\Providers">
          <metrics complexity="2" methods="2" coveredmethods="1" conditionals="0" coveredconditionals="0" statements="4" coveredstatements="3" elements="6" coveredelements="4"/>
        </class>
        <line num="14" type="method" name="boot" visibility="public" complexity="1" crap="1" count="55"/>
        <line num="16" type="stmt" count="55"/>
        <line num="24" type="method" name="gate" visibility="protected" complexity="1" crap="1.04" count="55"/>
        <line num="26" type="stmt" count="55"/>
        <line num="27" type="stmt" count="0"/>
        <line num="28" type="stmt" count="55"/>
        <metrics loc="31" ncloc="23" classes="1" methods="2" coveredmethods="1" conditionals="0" coveredconditionals="0" statements="4" coveredstatements="3" elements="6" coveredelements="4"/>
      </file>
    </package>
    <package name="App\Support">
      <file name="/home/runner/work/tootlog/tootlog/app/Support/Header.php">
        <class name="App\Support\Header" namespace="App\Support">
          <metrics complexity="3" methods="1" coveredmethods="0" conditionals="0" coveredconditionals="0" statements="10" coveredstatements="9" elements="11" coveredelements="9"/>
        </class>
        <line num="11" type="method" name="since" visibility="public" complexity="3" crap="3.01" count="6"/>
        <line num="13" type="stmt" count="6"/>
        <line num="14" type="stmt" count="4"/>
        <line num="17" type="stmt" count="2"/>
        <line num="19" type="stmt" count="2"/>
        <line num="20" type="stmt" count="0"/>
        <line num="23" type="stmt" count="2"/>
        <line num="25" type="stmt" count="2"/>
        <line num="26" type="stmt" count="2"/>
        <line num="28" type="stmt" count="2"/>
        <line num="30" type="stmt" count="2"/>
        <metrics loc="33" ncloc="33" classes="1" methods="1" coveredmethods="0" conditionals="0" coveredconditionals="0" statements="10" coveredstatements="9" elements="11" coveredelements="9"/>
      </file>
    </package>
    <package name="App\View\Composers">
      <file name="/home/runner/work/tootlog/tootlog/app/View/Composers/AccountComposer.php">
        <class name="App\View\Composers\AccountComposer" namespace="App\View\Composers">
          <metrics complexity="2" methods="1" coveredmethods="1" conditionals="0" coveredconditionals="0" statements="2" coveredstatements="2" elements="3" coveredelements="3"/>
        </class>
        <line num="10" type="method" name="compose" visibility="public" complexity="2" crap="2" count="18"/>
        <line num="12" type="stmt" count="18"/>
        <line num="13" type="stmt" count="13"/>
        <metrics loc="17" ncloc="17" classes="1" methods="1" coveredmethods="1" conditionals="0" coveredconditionals="0" statements="2" coveredstatements="2" elements="3" coveredelements="3"/>
      </file>
      <file name="/home/runner/work/tootlog/tootlog/app/View/Composers/RecentComposer.php">
        <class name="App\View\Composers\RecentComposer" namespace="App\View\Composers">
          <metrics complexity="3" methods="1" coveredmethods="1" conditionals="0" coveredconditionals="0" statements="4" coveredstatements="4" elements="5" coveredelements="5"/>
        </class>
        <line num="10" type="method" name="compose" visibility="public" complexity="3" crap="3" count="18"/>
        <line num="12" type="stmt" count="18"/>
        <line num="13" type="stmt" count="13"/>
        <line num="14" type="stmt" count="5"/>
        <line num="15" type="stmt" count="5"/>
        <metrics loc="19" ncloc="19" classes="1" methods="1" coveredmethods="1" conditionals="0" coveredconditionals="0" statements="4" coveredstatements="4" elements="5" coveredelements="5"/>
      </file>
    </package>
    <metrics files="51" loc="2351" ncloc="2030" classes="49" methods="117" coveredmethods="93" conditionals="0" coveredconditionals="0" statements="608" coveredstatements="488" elements="725" coveredelements="581"/>
  </project>
</coverage>
